[aporee.org/maps/work/index80ff.html]
[backblue.gif]
[fade.gif]
[index.html]
[aporee.org/maps/work/css/page.css]
[aporee.org/maps/work/css/dropdown.css]
[aporee.org/maps/work/css/menu.css]
[aporee.org/maps/work/js/json2.stringify.js]
[aporee.org/maps/work/js/json_stringify.js]
[aporee.org/maps/work/js/sajax.js]
[aporee.org/maps/work/js/markerclusterer_packed.js]
[aporee.org/maps/work/js/OverlayMessage.js]
[aporee.org/maps/work/js/ejs_production.js]
[aporee.org/maps/work/js/keydragzoom_packed.js]
[aporee.org/maps/work/js/en.js]
[aporee.org/maps/work/index.html]
[aporee.org/maps/work/images/input.gif]
[aporee.org/maps/work/images/default.png]
[aporee.org/mediaplayer/xx/jwplayer.js]
[aporee.org/maps/work/images/hot.gif]
[aporee.org/maps/work/index80ff.html]
[aporee.org/maps/work/css/page.css]
[aporee.org/maps/work/css/dropdown.css]
[aporee.org/maps/work/css/menu.css]
[aporee.org/maps/work/index.html]
